2021-05-17 09:40:57,704 [main] INFO  com.revature.driver.BankDriver - Starting Main Driver.
2021-05-17 09:40:57,713 [main] WARN  com.revature.driver.BankDriver - Could not load save file. Creating new client and account list.
2021-05-17 09:41:01,774 [main] INFO  com.revature.driver.ClientDriver - Loged in as Client [userName=Ash, password=Main, firstName=No, lastName=Brain, address=B Site, clientID=6c17f41e-031d-469e-9f3a-dc02fd7ec8b1]
2021-05-17 09:41:21,894 [main] INFO  com.revature.bank.AccountManager - Deposited 10000.1 to Ash's Bank, ID: 71cb70a7-93cd-44bc-ae9a-99f25b6fdeb1
2021-05-17 09:41:40,548 [main] INFO  com.revature.bank.AccountManager - Added Account Account [accountName=Kid's Room Fund, status=PENDING, ACCOUNT_ID=543713f8-01fa-4214-ac3e-c3f07ceeeb28, balance=0.0, ownerID=6c17f41e-031d-469e-9f3a-dc02fd7ec8b1, coOwnerIDs=[]]
2021-05-17 09:41:40,549 [main] INFO  com.revature.driver.ClientDriver - New Account created: Account [accountName=Kid's Room Fund, status=PENDING, ACCOUNT_ID=543713f8-01fa-4214-ac3e-c3f07ceeeb28, balance=0.0, ownerID=6c17f41e-031d-469e-9f3a-dc02fd7ec8b1, coOwnerIDs=[]]
2021-05-17 09:41:50,446 [main] INFO  com.revature.driver.EmployeeDriver - Logged Is As Admi.
2021-05-17 09:41:58,902 [main] INFO  com.revature.driver.EmployeeDriver - Account Kid's Room FundStatus Updated to APPROVED
2021-05-17 09:42:05,238 [main] INFO  com.revature.driver.BankDriver - Starting Save.
2021-05-17 09:42:05,240 [main] INFO  com.revature.driver.BankDriver - Save Completed.
2021-05-17 11:10:36,060 [main] INFO  com.revature.driver.BankDriver - Starting Main Driver.
2021-05-17 11:12:53,412 [main] INFO  com.revature.driver.BankDriver - Starting Main Driver.
2021-05-17 11:12:55,745 [main] WARN  com.revature.driver.ClientDriver - Log in Failed with  
2021-05-17 11:13:35,011 [main] INFO  com.revature.driver.BankDriver - Starting Main Driver.
2021-05-17 11:13:37,322 [main] WARN  com.revature.driver.ClientDriver - Log in Failed with  
2021-05-17 11:14:25,655 [main] INFO  com.revature.driver.BankDriver - Starting Main Driver.
2021-05-17 11:14:28,602 [main] INFO  com.revature.driver.BankDriver - Starting Save.
2021-05-17 11:14:28,611 [main] INFO  com.revature.driver.BankDriver - Save Completed.
2021-05-17 11:17:59,502 [main] INFO  com.revature.driver.BankDriver - Starting Main Driver.
2021-05-17 11:18:13,835 [main] INFO  com.revature.driver.ClientDriver - New Client created: Client [userName=Thatcher, password=Main, firstName=Hate's, lastName=Laser, address=Sights, clientID=6a1e2674-0c11-4d48-88f8-e3486ff0a8f4]
2021-05-17 11:18:18,794 [main] INFO  com.revature.driver.ClientDriver - Loged in as Client [userName=Thatcher, password=Main, firstName=Hate's, lastName=Laser, address=Sights, clientID=6a1e2674-0c11-4d48-88f8-e3486ff0a8f4]
2021-05-17 11:18:26,834 [main] INFO  com.revature.bank.AccountManager - Added Account Account [accountName=Laser Sight Collection, status=PENDING, ACCOUNT_ID=7a1c4bd6-a1fd-474f-8c96-b6b7f856f4ff, balance=0.0, ownerID=6a1e2674-0c11-4d48-88f8-e3486ff0a8f4, coOwnerIDs=[]]
2021-05-17 11:18:26,834 [main] INFO  com.revature.driver.ClientDriver - New Account created: Account [accountName=Laser Sight Collection, status=PENDING, ACCOUNT_ID=7a1c4bd6-a1fd-474f-8c96-b6b7f856f4ff, balance=0.0, ownerID=6a1e2674-0c11-4d48-88f8-e3486ff0a8f4, coOwnerIDs=[]]
2021-05-17 11:18:38,729 [main] INFO  com.revature.bank.AccountManager - Added Account Account [accountName=Retirement Fund, status=PENDING, ACCOUNT_ID=c1b954ff-59d7-46f2-86a0-7efdc1c932f9, balance=0.0, ownerID=6a1e2674-0c11-4d48-88f8-e3486ff0a8f4, coOwnerIDs=[]]
2021-05-17 11:18:38,730 [main] INFO  com.revature.driver.ClientDriver - New Account created: Account [accountName=Retirement Fund, status=PENDING, ACCOUNT_ID=c1b954ff-59d7-46f2-86a0-7efdc1c932f9, balance=0.0, ownerID=6a1e2674-0c11-4d48-88f8-e3486ff0a8f4, coOwnerIDs=[]]
2021-05-17 11:19:32,082 [main] INFO  com.revature.driver.EmployeeDriver - Logged Is As Admim.
2021-05-17 11:19:58,562 [main] INFO  com.revature.driver.EmployeeDriver - Account Laser Sight CollectionStatus Updated to APPROVED
2021-05-17 11:20:21,138 [main] INFO  com.revature.driver.EmployeeDriver - Account Retirement FundStatus Updated to CANCELED
2021-05-17 11:20:41,739 [main] INFO  com.revature.driver.BankDriver - Starting Save.
2021-05-17 11:20:41,741 [main] INFO  com.revature.driver.BankDriver - Save Completed.
2021-05-17 11:21:28,803 [main] INFO  com.revature.driver.BankDriver - Starting Main Driver.
2021-05-17 11:21:33,586 [main] INFO  com.revature.driver.EmployeeDriver - Logged Is As Admim.
2021-05-17 11:21:37,490 [main] ERROR com.revature.driver.EmployeeDriver - Invlaid ID in EmployeeManager.Menu, Changin Account Status.
2021-05-17 11:22:10,873 [main] INFO  com.revature.driver.EmployeeDriver - Account Retirement FundStatus Updated to CANCELED
2021-05-17 11:22:23,274 [main] INFO  com.revature.driver.BankDriver - Starting Save.
2021-05-17 11:22:23,276 [main] INFO  com.revature.driver.BankDriver - Save Completed.
2021-05-17 11:23:31,218 [main] INFO  com.revature.driver.BankDriver - Starting Main Driver.
2021-05-17 11:23:36,730 [main] INFO  com.revature.driver.EmployeeDriver - Logged Is As Admim.
2021-05-17 11:23:49,625 [main] ERROR com.revature.driver.EmployeeDriver - Invlaid ID in EmployeeManager.Menu, Changin Account Status.
2021-05-17 11:23:59,010 [main] INFO  com.revature.bank.AccountManager - Removing account Account [accountName=SiteB, status=DENIED, ACCOUNT_ID=acd55cfb-3547-4414-b632-926cd3c0d284, balance=400.0, ownerID=bb8854a2-df2e-4667-a6cf-fd9518efe1e4, coOwnerIDs=[]]
2021-05-17 11:23:59,010 [main] INFO  com.revature.bank.AccountManager - Removing account Account [accountName=Retirement Fund, status=CANCELED, ACCOUNT_ID=c1b954ff-59d7-46f2-86a0-7efdc1c932f9, balance=0.0, ownerID=6a1e2674-0c11-4d48-88f8-e3486ff0a8f4, coOwnerIDs=[]]
2021-05-17 11:24:06,993 [main] INFO  com.revature.driver.BankDriver - Starting Save.
2021-05-17 11:24:06,997 [main] INFO  com.revature.driver.BankDriver - Save Completed.
2021-05-17 11:25:21,419 [main] INFO  com.revature.driver.BankDriver - Starting Main Driver.
2021-05-17 11:25:27,265 [main] INFO  com.revature.driver.EmployeeDriver - Logged Is As Admim.
2021-05-17 11:25:35,873 [main] INFO  com.revature.driver.BankDriver - Starting Save.
2021-05-17 11:25:35,875 [main] INFO  com.revature.driver.BankDriver - Save Completed.
2021-05-17 11:53:05,993 [main] INFO  com.revature.driver.BankDriver - Starting Main Driver.
2021-05-17 11:53:20,095 [main] INFO  com.revature.driver.BankDriver - Starting Main Driver.
2021-05-17 11:53:33,689 [main] WARN  com.revature.driver.ClientDriver - Log in Failed with as as
2021-05-17 11:53:37,185 [main] WARN  com.revature.driver.ClientDriver - Log in Failed with  2
2021-05-17 11:53:52,869 [main] INFO  com.revature.driver.BankDriver - Starting Main Driver.
2021-05-17 11:53:58,081 [main] WARN  com.revature.driver.ClientDriver - Log in Failed with as s
2021-05-17 11:54:22,986 [main] INFO  com.revature.driver.BankDriver - Starting Main Driver.
2021-05-17 11:54:29,413 [main] INFO  com.revature.driver.BankDriver - Starting Main Driver.
2021-05-17 11:54:42,424 [main] INFO  com.revature.driver.ClientDriver - Loged in as Client [userName=Ash, password=Main, firstName=No, lastName=Brain, address=B Site, clientID=6c17f41e-031d-469e-9f3a-dc02fd7ec8b1]
2021-05-17 11:55:25,239 [main] INFO  com.revature.driver.BankDriver - Starting Main Driver.
2021-05-17 11:55:36,506 [main] WARN  com.revature.driver.ClientDriver - Log in Failed with asd Lind Nal
2021-05-17 13:38:44,588 [main] WARN  com.revature.driver.ClientDriver - Log in Failed with Nope Invalid
2021-05-17 13:38:44,596 [main] INFO  com.revature.driver.ClientDriver - Loged in as Client [userName=User, password=Pass, firstName=Fname, lastName=Lname, address=Address, clientID=bacd665d-38b3-44ef-b96e-2ba9d985a135]
2021-05-17 13:52:12,614 [main] INFO  com.revature.driver.BankDriver - Starting Main Driver.
2021-05-17 13:52:12,992 [main] INFO  com.revature.driver.BankDriver - Starting Main Driver.
2021-05-17 13:52:19,114 [main] INFO  com.revature.driver.EmployeeDriver - Logged Is As Admim.
2021-05-17 13:52:31,579 [main] INFO  com.revature.driver.ClientDriver - Loged in as Client [userName=Ash, password=Main, firstName=No, lastName=Brain, address=B Site, clientID=6c17f41e-031d-469e-9f3a-dc02fd7ec8b1]
2021-05-17 13:52:52,549 [main] INFO  com.revature.bank.AccountManager - Added Account Account [accountName=Test, status=PENDING, ACCOUNT_ID=a5bd88b4-9b25-47fd-8936-65d90a128c22, balance=0.0, ownerID=6c17f41e-031d-469e-9f3a-dc02fd7ec8b1, coOwnerIDs=[]]
2021-05-17 13:52:52,549 [main] INFO  com.revature.driver.ClientDriver - New Account created: Account [accountName=Test, status=PENDING, ACCOUNT_ID=a5bd88b4-9b25-47fd-8936-65d90a128c22, balance=0.0, ownerID=6c17f41e-031d-469e-9f3a-dc02fd7ec8b1, coOwnerIDs=[]]
2021-05-17 13:53:06,939 [main] INFO  com.revature.bank.AccountManager - Withdrew 100.0 to Ash's Bank, ID: 71cb70a7-93cd-44bc-ae9a-99f25b6fdeb1
2021-05-17 13:53:13,858 [main] INFO  com.revature.bank.AccountManager - Deposited 100.0 to Ash's Bank, ID: 71cb70a7-93cd-44bc-ae9a-99f25b6fdeb1
2021-05-17 13:53:32,610 [main] INFO  com.revature.bank.AccountManager - Withdrew 1000.0 to Ash's Bank, ID: 71cb70a7-93cd-44bc-ae9a-99f25b6fdeb1
2021-05-17 13:53:32,611 [main] INFO  com.revature.bank.AccountManager - Deposited 1000.0 to Kid's Room Fund, ID: 543713f8-01fa-4214-ac3e-c3f07ceeeb28
2021-05-17 13:53:32,611 [main] INFO  com.revature.bank.AccountManager - Transfered 1000.0 from Ash's Bank, ID: 71cb70a7-93cd-44bc-ae9a-99f25b6fdeb1, to Kid's Room Fund, ID: 543713f8-01fa-4214-ac3e-c3f07ceeeb28
2021-05-17 13:53:44,779 [main] INFO  com.revature.driver.BankDriver - Starting Save.
2021-05-17 13:53:44,781 [main] INFO  com.revature.driver.BankDriver - Save Completed.
2021-05-17 14:24:12,385 [main] INFO  com.revature.driver.BankDriver - Starting Main Driver.
2021-05-17 14:24:17,122 [main] INFO  com.revature.driver.EmployeeDriver - Logged Is As Admim.
2021-05-17 14:24:34,754 [main] INFO  com.revature.bank.AccountManager - Withdrew 250.0 to Laser Sight Collection, ID: 7a1c4bd6-a1fd-474f-8c96-b6b7f856f4ff
2021-05-17 14:24:42,713 [main] INFO  com.revature.bank.AccountManager - Deposited 250.0 to Laser Sight Collection, ID: 7a1c4bd6-a1fd-474f-8c96-b6b7f856f4ff
2021-05-17 14:25:06,136 [main] INFO  com.revature.driver.EmployeeDriver - Logged Is As Admim.
2021-05-17 14:25:11,066 [main] INFO  com.revature.bank.AccountManager - Deposited 250.0 to Laser Sight Collection, ID: 7a1c4bd6-a1fd-474f-8c96-b6b7f856f4ff
2021-05-17 14:25:53,346 [main] INFO  com.revature.driver.EmployeeDriver - Logged Is As Admim.
2021-05-17 14:25:58,993 [main] INFO  com.revature.bank.AccountManager - Withdrew 250.0 to Laser Sight Collection, ID: 7a1c4bd6-a1fd-474f-8c96-b6b7f856f4ff
2021-05-17 14:26:53,126 [main] INFO  com.revature.driver.BankDriver - Starting Main Driver.
2021-05-17 14:26:56,809 [main] INFO  com.revature.driver.EmployeeDriver - Logged Is As Admim.
2021-05-17 14:27:03,131 [main] INFO  com.revature.bank.AccountManager - Withdrew 250.0 to Laser Sight Collection, ID: 7a1c4bd6-a1fd-474f-8c96-b6b7f856f4ff
2021-05-17 14:27:09,097 [main] INFO  com.revature.bank.AccountManager - Deposited 500.0 to Laser Sight Collection, ID: 7a1c4bd6-a1fd-474f-8c96-b6b7f856f4ff
2021-05-17 14:27:20,673 [main] INFO  com.revature.driver.ClientDriver - Loged in as Client [userName=Ash, password=Main, firstName=No, lastName=Brain, address=B Site, clientID=6c17f41e-031d-469e-9f3a-dc02fd7ec8b1]
2021-05-17 14:27:40,130 [main] INFO  com.revature.bank.AccountManager - Withdrew 250.0 to Kid's Room Fund, ID: 543713f8-01fa-4214-ac3e-c3f07ceeeb28
2021-05-17 14:27:42,985 [main] INFO  com.revature.bank.AccountManager - Deposited 250.0 to Kid's Room Fund, ID: 543713f8-01fa-4214-ac3e-c3f07ceeeb28
2021-05-17 14:27:57,961 [main] INFO  com.revature.driver.EmployeeDriver - Logged Is As Admim.
2021-05-17 14:28:36,359 [main] INFO  com.revature.driver.BankDriver - Starting Main Driver.
2021-05-17 14:28:39,785 [main] INFO  com.revature.driver.EmployeeDriver - Logged Is As Admim.
2021-05-17 14:29:08,449 [main] INFO  com.revature.bank.AccountManager - Withdrew 500.0 to Ash's Headshot's, ID: 7afad73c-2ea8-4279-abdc-23728f7a4e3c
2021-05-17 14:29:08,449 [main] INFO  com.revature.bank.AccountManager - Deposited 500.0 to Ash's Bank, ID: 71cb70a7-93cd-44bc-ae9a-99f25b6fdeb1
2021-05-17 14:29:08,449 [main] INFO  com.revature.bank.AccountManager - Transfered 500.0 from Ash's Headshot's, ID: 7afad73c-2ea8-4279-abdc-23728f7a4e3c, to Ash's Bank, ID: 71cb70a7-93cd-44bc-ae9a-99f25b6fdeb1
2021-05-17 14:29:14,136 [main] INFO  com.revature.driver.BankDriver - Starting Save.
2021-05-17 14:29:14,139 [main] INFO  com.revature.driver.BankDriver - Save Completed.
2021-05-18 14:47:06,732 [main] INFO  com.revature.driver.BankDriver - Starting Main Driver.
2021-05-18 14:47:15,678 [main] INFO  com.revature.driver.BankDriver - Starting Save.
2021-05-18 14:47:15,681 [main] INFO  com.revature.driver.BankDriver - Save Completed.
